2024-04-19 23:03:02,854 - INFO - 
Config:
'add_train': False
'batch_size': 128
'continue_flag': ''
'cur_time': '2024_04_19_23_03_02-ажуэ'
'debug_mode': False
'debug_num': 500
'do_continue_train': False
'do_figure_save': False
'do_log_print_to_screen': True
'do_log_save_to_file': True
'do_predict': True
'do_train': True
'do_train_visualized': False
'dropout_rate': 0.2
'epoch': 10
'feature_columns': [2, 3, 4, 5, 6, 7, 8]
'figure_save_path': './figure/'
'hidden_size': 128
'input_size': 7
'label_columns': [4, 5]
'label_in_feature_index': [2, 3]
'learning_rate': 0.001
'log_save_path': './log/2024_04_19_23_03_02-ажуэ_pytorch/'
'lstm_layers': 2
'model_name': 'model_pytorch.pth'
'model_postfix': {'pytorch': '.pth'
'keras': '.h5'
'tensorflow': '.ckpt'}
'model_save_path': './checkpoint/pytorch/'
'output_size': 2
'patience': 3
'predict_day': 1
'random_seed': 42
'shuffle_train_data': True
'time_step': 60
'train_data_path': 'cdata.csv'
'train_data_rate': 0.95
'use_cuda': True
'used_frame': 'pytorch'
'valid_data_rate': 0.25
2024-04-19 23:03:03,922 - INFO - Epoch 1/10
2024-04-19 23:03:04,274 - INFO - The train loss is 0.298240. The valid loss is 0.087434.
2024-04-19 23:03:04,277 - INFO - Epoch 2/10
2024-04-19 23:03:04,498 - INFO - The train loss is 0.035819. The valid loss is 0.026186.
2024-04-19 23:03:04,501 - INFO - Epoch 3/10
2024-04-19 23:03:04,722 - INFO - The train loss is 0.019569. The valid loss is 0.017463.
2024-04-19 23:03:04,724 - INFO - Epoch 4/10
2024-04-19 23:03:04,941 - INFO - The train loss is 0.014990. The valid loss is 0.013841.
2024-04-19 23:03:04,943 - INFO - Epoch 5/10
2024-04-19 23:03:05,167 - INFO - The train loss is 0.012313. The valid loss is 0.011092.
2024-04-19 23:03:05,170 - INFO - Epoch 6/10
2024-04-19 23:03:05,387 - INFO - The train loss is 0.010152. The valid loss is 0.008843.
2024-04-19 23:03:05,391 - INFO - Epoch 7/10
2024-04-19 23:03:05,609 - INFO - The train loss is 0.008388. The valid loss is 0.006973.
2024-04-19 23:03:05,613 - INFO - Epoch 8/10
2024-04-19 23:03:05,827 - INFO - The train loss is 0.006877. The valid loss is 0.005426.
2024-04-19 23:03:05,830 - INFO - Epoch 9/10
2024-04-19 23:03:06,047 - INFO - The train loss is 0.005667. The valid loss is 0.004180.
2024-04-19 23:03:06,050 - INFO - Epoch 10/10
2024-04-19 23:03:06,264 - INFO - The train loss is 0.004647. The valid loss is 0.003220.
2024-04-19 23:03:06,282 - INFO - The mean squared error of stock ['low', 'high'] is [0.009167   0.01099868]
2024-04-19 23:03:06,361 - INFO - The predicted stock low for the next 1 day(s) is: 3405.6649429891413
2024-04-19 23:03:06,367 - INFO - The predicted stock high for the next 1 day(s) is: 3483.0252754459216
