2024-04-19 23:01:15,344 - INFO - 
Config:
'add_train': False
'batch_size': 128
'continue_flag': ''
'cur_time': '2024_04_19_23_01_15-ажуэ'
'debug_mode': False
'debug_num': 500
'do_continue_train': False
'do_figure_save': False
'do_log_print_to_screen': True
'do_log_save_to_file': True
'do_predict': True
'do_train': True
'do_train_visualized': False
'dropout_rate': 0.2
'epoch': 10
'feature_columns': [2, 3, 4, 5, 6, 7, 8]
'figure_save_path': './figure/'
'hidden_size': 128
'input_size': 7
'label_columns': [4, 5]
'label_in_feature_index': [2, 3]
'learning_rate': 0.001
'log_save_path': './log/2024_04_19_23_01_15-ажуэ_pytorch/'
'lstm_layers': 2
'model_name': 'model_pytorch.pth'
'model_postfix': {'pytorch': '.pth'
'keras': '.h5'
'tensorflow': '.ckpt'}
'model_save_path': './checkpoint/pytorch/'
'output_size': 2
'patience': 3
'predict_day': 1
'random_seed': 42
'shuffle_train_data': True
'time_step': 60
'train_data_path': 'cdata.csv'
'train_data_rate': 0.95
'use_cuda': True
'used_frame': 'pytorch'
'valid_data_rate': 0.25
2024-04-19 23:01:16,420 - INFO - Epoch 1/10
2024-04-19 23:01:16,791 - INFO - The train loss is 0.276045. The valid loss is 0.072366.
2024-04-19 23:01:16,795 - INFO - Epoch 2/10
2024-04-19 23:01:17,019 - INFO - The train loss is 0.032487. The valid loss is 0.024256.
2024-04-19 23:01:17,022 - INFO - Epoch 3/10
2024-04-19 23:01:17,235 - INFO - The train loss is 0.018838. The valid loss is 0.017018.
2024-04-19 23:01:17,238 - INFO - Epoch 4/10
2024-04-19 23:01:17,454 - INFO - The train loss is 0.014689. The valid loss is 0.013510.
2024-04-19 23:01:17,457 - INFO - Epoch 5/10
2024-04-19 23:01:17,673 - INFO - The train loss is 0.012090. The valid loss is 0.010899.
2024-04-19 23:01:17,675 - INFO - Epoch 6/10
2024-04-19 23:01:17,887 - INFO - The train loss is 0.010101. The valid loss is 0.008791.
2024-04-19 23:01:17,890 - INFO - Epoch 7/10
2024-04-19 23:01:18,105 - INFO - The train loss is 0.008442. The valid loss is 0.007157.
2024-04-19 23:01:18,108 - INFO - Epoch 8/10
2024-04-19 23:01:18,316 - INFO - The train loss is 0.007167. The valid loss is 0.005810.
2024-04-19 23:01:18,320 - INFO - Epoch 9/10
2024-04-19 23:01:18,536 - INFO - The train loss is 0.006075. The valid loss is 0.004788.
2024-04-19 23:01:18,538 - INFO - Epoch 10/10
2024-04-19 23:01:18,753 - INFO - The train loss is 0.005201. The valid loss is 0.003887.
2024-04-19 23:01:18,770 - INFO - The mean squared error of stock ['low', 'high'] is [0.00705623 0.00551646]
2024-04-19 23:01:18,850 - INFO - The predicted stock low for the next 1 day(s) is: 3406.8220061841967
2024-04-19 23:01:18,855 - INFO - The predicted stock high for the next 1 day(s) is: 3484.4721448077144
