2024-04-19 22:57:44,249 - INFO - 
Config:
'add_train': False
'batch_size': 128
'continue_flag': ''
'cur_time': '2024_04_19_22_57_44'
'debug_mode': False
'debug_num': 500
'do_continue_train': False
'do_figure_save': False
'do_log_print_to_screen': True
'do_log_save_to_file': True
'do_predict': True
'do_train': True
'do_train_visualized': False
'dropout_rate': 0.2
'epoch': 10
'feature_columns': [2, 3, 4, 5, 6, 7, 8]
'figure_save_path': './figure/'
'hidden_size': 128
'input_size': 7
'label_columns': [4, 5]
'label_in_feature_index': [2, 3]
'learning_rate': 0.001
'log_save_path': './log/2024_04_19_22_57_44_pytorch/'
'lstm_layers': 2
'model_name': 'model_pytorch.pth'
'model_postfix': {'pytorch': '.pth'
'keras': '.h5'
'tensorflow': '.ckpt'}
'model_save_path': './checkpoint/pytorch/'
'output_size': 2
'patience': 3
'predict_day': 1
'random_seed': 42
'shuffle_train_data': True
'time_step': 60
'train_data_path': 'cdata.csv'
'train_data_rate': 0.95
'use_cuda': True
'used_frame': 'pytorch'
'valid_data_rate': 0.25
2024-04-19 22:57:45,920 - INFO - Epoch 1/10
2024-04-19 22:57:46,311 - INFO - The train loss is 0.277292. The valid loss is 0.076635.
2024-04-19 22:57:46,314 - INFO - Epoch 2/10
2024-04-19 22:57:46,573 - INFO - The train loss is 0.031884. The valid loss is 0.023490.
2024-04-19 22:57:46,575 - INFO - Epoch 3/10
2024-04-19 22:57:46,829 - INFO - The train loss is 0.018237. The valid loss is 0.016720.
2024-04-19 22:57:46,831 - INFO - Epoch 4/10
2024-04-19 22:57:47,087 - INFO - The train loss is 0.014405. The valid loss is 0.013330.
2024-04-19 22:57:47,090 - INFO - Epoch 5/10
2024-04-19 22:57:47,357 - INFO - The train loss is 0.011999. The valid loss is 0.010867.
2024-04-19 22:57:47,360 - INFO - Epoch 6/10
2024-04-19 22:57:47,593 - INFO - The train loss is 0.010106. The valid loss is 0.008902.
2024-04-19 22:57:47,596 - INFO - Epoch 7/10
2024-04-19 22:57:47,881 - INFO - The train loss is 0.008501. The valid loss is 0.007269.
2024-04-19 22:57:47,883 - INFO - Epoch 8/10
2024-04-19 22:57:48,117 - INFO - The train loss is 0.007113. The valid loss is 0.005899.
2024-04-19 22:57:48,120 - INFO - Epoch 9/10
2024-04-19 22:57:48,337 - INFO - The train loss is 0.005977. The valid loss is 0.004775.
2024-04-19 22:57:48,340 - INFO - Epoch 10/10
2024-04-19 22:57:48,558 - INFO - The train loss is 0.005046. The valid loss is 0.003798.
2024-04-19 22:57:48,577 - INFO - The mean squared error of stock ['low', 'high'] is [0.00776405 0.00342559]
2024-04-19 22:57:48,663 - INFO - The predicted stock low for the next 1 day(s) is: 3422.372861591989
2024-04-19 22:57:48,670 - INFO - The predicted stock high for the next 1 day(s) is: 3496.6093919618897
