2024-04-20 20:42:21,316 - INFO - 
Config:
'add_train': False
'batch_size': 128
'continue_flag': ''
'cur_time': '2024_04_20_20_42_21-ажуэ'
'debug_mode': False
'debug_num': 500
'do_continue_train': False
'do_figure_save': False
'do_log_print_to_screen': True
'do_log_save_to_file': True
'do_predict': True
'do_train': True
'do_train_visualized': False
'dropout_rate': 0.2
'epoch': 10
'feature_columns': [2, 3, 4, 5, 6, 7, 8]
'figure_save_path': './figure/'
'hidden_size': 128
'input_size': 7
'label_columns': [4, 5]
'label_in_feature_index': [2, 3]
'learning_rate': 0.001
'log_save_path': './log/2024_04_20_20_42_21-ажуэ_pytorch/'
'lstm_layers': 2
'model_name': 'model_pytorch.pth'
'model_postfix': {'pytorch': '.pth'
'keras': '.h5'
'tensorflow': '.ckpt'}
'model_save_path': './checkpoint/pytorch/'
'output_size': 2
'patience': 3
'predict_day': 1
'random_seed': 42
'shuffle_train_data': True
'time_step': 60
'train_data_path': 'cdata.csv'
'train_data_rate': 0.95
'use_cuda': True
'used_frame': 'pytorch'
'valid_data_rate': 0.25
2024-04-20 20:42:22,960 - INFO - Epoch 1/10
2024-04-20 20:42:23,584 - INFO - The train loss is 0.261961. The valid loss is 0.059095.
2024-04-20 20:42:23,592 - INFO - Epoch 2/10
2024-04-20 20:42:23,831 - INFO - The train loss is 0.030975. The valid loss is 0.024075.
2024-04-20 20:42:23,834 - INFO - Epoch 3/10
2024-04-20 20:42:24,083 - INFO - The train loss is 0.019081. The valid loss is 0.017531.
2024-04-20 20:42:24,086 - INFO - Epoch 4/10
2024-04-20 20:42:24,333 - INFO - The train loss is 0.015000. The valid loss is 0.014009.
2024-04-20 20:42:24,335 - INFO - Epoch 5/10
2024-04-20 20:42:24,619 - INFO - The train loss is 0.012502. The valid loss is 0.011433.
2024-04-20 20:42:24,621 - INFO - Epoch 6/10
2024-04-20 20:42:24,896 - INFO - The train loss is 0.010462. The valid loss is 0.009436.
2024-04-20 20:42:24,900 - INFO - Epoch 7/10
2024-04-20 20:42:25,203 - INFO - The train loss is 0.008904. The valid loss is 0.007747.
2024-04-20 20:42:25,207 - INFO - Epoch 8/10
2024-04-20 20:42:25,463 - INFO - The train loss is 0.007515. The valid loss is 0.006345.
2024-04-20 20:42:25,468 - INFO - Epoch 9/10
2024-04-20 20:42:25,725 - INFO - The train loss is 0.006393. The valid loss is 0.005177.
2024-04-20 20:42:25,728 - INFO - Epoch 10/10
2024-04-20 20:42:25,981 - INFO - The train loss is 0.005458. The valid loss is 0.004251.
2024-04-20 20:42:26,009 - INFO - The mean squared error of stock ['low', 'high'] is [0.00726916 0.003642  ]
2024-04-20 20:42:26,124 - INFO - The predicted stock low for the next 1 day(s) is: 3401.7897054575874
2024-04-20 20:42:26,132 - INFO - The predicted stock high for the next 1 day(s) is: 3485.1727035841304
